SF:lib/main.dart
DA:4,0
DA:5,0
DA:9,2
DA:12,1
DA:14,1
DA:17,1
DA:29,1
DA:35,0
DA:48,0
DA:49,0
DA:55,0
DA:56,0
DA:62,0
DA:66,0
DA:74,0
DA:75,0
DA:78,0
DA:80,0
DA:83,0
DA:99,0
DA:103,0
DA:104,0
DA:105,0
DA:110,0
DA:111,0
LF:25
LH:5
end_of_record
SF:lib/homepage.dart
DA:4,1
DA:5,1
DA:16,0
DA:17,0
DA:18,0
DA:22,0
DA:23,0
DA:24,0
DA:25,0
DA:26,0
DA:28,0
DA:30,0
DA:31,0
DA:32,0
DA:34,0
DA:42,0
DA:43,0
DA:44,0
DA:45,0
DA:46,0
DA:47,0
DA:49,0
DA:51,0
DA:55,0
DA:56,0
DA:57,0
DA:59,0
DA:60,0
DA:63,0
DA:64,0
DA:66,0
DA:68,0
DA:69,0
DA:71,0
DA:80,0
DA:81,0
DA:82,0
DA:86,0
DA:87,0
DA:88,0
DA:89,0
DA:90,0
DA:93,0
DA:94,0
DA:96,0
DA:98,0
DA:99,0
DA:100,0
DA:101,0
DA:108,0
DA:109,0
DA:110,0
DA:115,1
DA:117,1
DA:118,1
DA:124,1
DA:130,1
DA:131,1
DA:132,2
DA:133,1
DA:134,1
DA:135,3
DA:136,1
DA:138,1
DA:139,1
DA:140,1
DA:142,1
DA:144,0
DA:145,0
DA:148,1
DA:153,0
DA:154,0
DA:164,1
DA:167,0
DA:168,0
DA:169,0
DA:171,0
DA:173,0
DA:175,0
DA:177,0
DA:181,0
DA:182,0
DA:189,0
DA:190,0
DA:193,0
DA:194,0
DA:198,0
DA:199,0
DA:200,0
DA:202,0
LF:90
LH:19
end_of_record
